Invita: hlov@b.com A: a@b.com Invita: hlov@b.com A: b@b.com Invita: hlov@b.com A: c@b.com Invita: idonfg@euvyrd.com A: xIySGfwYhhkEnGiV@ 
Invita: idonfg@euvyrd.com A: taRVfotmyd@ 
Invita: idonfg@euvyrd.com A: pJwTMTRflB@ 
Invita: hrodriguez@micrositios.net A: rcamargo@micrositios.net 
Invita: bgw6d9wl7@mail.com A: aeEt4uQ310u9@ 
Invita: bgw6d9wl7@mail.com A: wV2xrccp57oc@ 
Invita: bgw6d9wl7@mail.com A: 0BYfAQ10@ 
Invita: pozise@goasfer.com A: pozise@goasfer.com 
Invita: pozise@goasfer.com A: pozise@goasfer.com 
Invita: pozise@goasfer.com A: pozise@goasfer.com 
Invita: oqojezexk@goasfer.com A: oqojezexk@goasfer.com 
Invita: oqojezexk@goasfer.com A: oqojezexk@goasfer.com 
Invita: oqojezexk@goasfer.com A: oqojezexk@goasfer.com 
Invita: efufofedo@fastermand.com A: efufofedo@fastermand.com 
Invita: efufofedo@fastermand.com A: efufofedo@fastermand.com 
Invita: efufofedo@fastermand.com A: efufofedo@fastermand.com 
Invita: iwosom@fastermand.com A: iwosom@fastermand.com 
Invita: iwosom@fastermand.com A: iwosom@fastermand.com 
Invita: iwosom@fastermand.com A: iwosom@fastermand.com 
Invita: helenThavast@gmail.com A: helenThavast@gmail.com 
Invita: helenThavast@gmail.com A: helenThavast@gmail.com 
Invita: helenThavast@gmail.com A: helenThavast@gmail.com 
Invita: ceshi@chinahr.com A: 2504714727@qq.com 
Invita: ceshi@chinahr.com A: 2504714727@qq.com 
Invita: ceshi@chinahr.com A: 2504714727@qq.com 
Invita: ceshi@chinahr.com A: 2504714727@qq.com 
Invita: ceshi@chinahr.com A: 2504714727@qq.com 
Invita: ceshi@chinahr.com A: 2504714727@qq.com 
Invita: ceshi@chinahr.com A: 79910674@qq.com 
